1:1:* trace3-3_edge-addr.txt
2:1:* Simple test of access to first/last pages in address space. 
3:1:* No faults or exceptions or mismatches should occur.
4:1:2       quota
5:1:000000  set 00
6:1:3ffcfff set 00
7:1:* Make sure allocated pages are cleared to 0 by checking scattered blocks of bytes
8:1:000000  print 10
0000000: 00 00 00 00 00 00 00 00 00 00 00 00 00 00 00 00
9:1:3fffff0 print 10
3fffff0: 00 00 00 00 00 00 00 00 00 00 00 00 00 00 00 00
10:1:002000  cmp  000000 10
11:1:003ff0  cmp  000000 10
12:1:3ffc000 cmp  000000 10
13:1:3ffe000 cmp  000000 10
14:1:* Fill entire pages
15:1:000000  fill 01 4000
16:1:3ffc000 fill 02 4000
17:1:* Try storing some values
18:1:0000000 set ab cd ef 01 02 03 04 05
19:1:3fffff8 set ab cd ef 01 02 03 04 05
20:1:3fffff8 cmp 0000000 8
21:1:3fffff0 print 10
3fffff0: 02 02 02 02 02 02 02 02 ab cd ef 01 02 03 04 05
22:1:0003ff0 set 09 08 07 06 05 04 03 02 01 00 aa bb cc dd ee ff
23:1:3ffc008 set 01 00 aa bb cc dd ee ff
24:1:3ffc000 set 09 08 07 06 05 04 03 02
25:1:0003ff0 cmp 3ffc000 10
26:1:0003ff0 print 10
0003ff0: 09 08 07 06 05 04 03 02 01 00 aa bb cc dd ee ff
27:1:0000000 print 10
0000000: ab cd ef 01 02 03 04 05 01 01 01 01 01 01 01 01
28:1:* end of trace
28:1:TERMINATED, free page frames = 7e
