1:1:* trace4-3_wprotect.txt
2:1:* Test write protections (should be no cmp mismatches, faults as specified in comments)
3:1:2       quota
4:1:400000  set  00
5:1:* Store data in 2nd page, then set it non-writable
6:1:404000  fill 22 4000
7:1:404000  perm 1  0
8:1:* Make sure 1st page is still writable
9:1:403ff0  fill 11 10
10:1:400000  fill 11 10
11:1:400010  fill 22 10
12:1:403ff0  cmp 400000 20
13:1:403ff0  print 20 
0403ff0: 11 11 11 11 11 11 11 11 11 11 11 11 11 11 11 11
0404000: 22 22 22 22 22 22 22 22 22 22 22 22 22 22 22 22
14:1:* Next line should generate a Write Permission Fault on the second byte
15:1:403fff  set  99 aa
Write Permission Fault at address 404000
16:1:403ff8  print 10
0403ff8: 11 11 11 11 11 11 11 99 22 22 22 22 22 22 22 22
17:1:* Next line should generate a Write Permission Fault
18:1:403ff8  fill 57 10
Write Permission Fault at address 404000
19:1:403ff8  print 10
0403ff8: 57 57 57 57 57 57 57 57 22 22 22 22 22 22 22 22
20:1:* Next line should generate a Write Permission Fault
21:1:400000  dup 407ff8 8
Write Permission Fault at address 407ff8
22:1:407ff8  print 8
0407ff8: 22 22 22 22 22 22 22 22
23:1:
24:1:* Set 2nd page writable; following lines should run without faults or errors
25:1:404000  perm 1  1
26:1:* Preset all bytes of both pages
27:1:400000  fill cb 8000
28:1:* Make sure 1st page is still writable
29:1:403ff0  fill 11 10
30:1:400000  fill 11 10
31:1:400010  fill 22 10
32:1:403ff0  cmp 400000 10
33:1:404100  cmp 400100 100
34:1:403ff0  print 20 
0403ff0: 11 11 11 11 11 11 11 11 11 11 11 11 11 11 11 11
0404000: cb cb cb cb cb cb cb cb cb cb cb cb cb cb cb cb
35:1:* Next line should NOT generate a Write Permission Fault on the second byte
36:1:403fff  set  99 aa
37:1:403ff8  print 10
0403ff8: 11 11 11 11 11 11 11 99 aa cb cb cb cb cb cb cb
38:1:* Next line should NOT generate a Write Permission Fault
39:1:403ff8  fill 57 10
40:1:403ff8  print 10
0403ff8: 57 57 57 57 57 57 57 57 57 57 57 57 57 57 57 57
41:1:* Next line should NOT generate a Write Permission Fault
42:1:400000  dup 407ff8 8
43:1:407ff8  print 8
0407ff8: 11 11 11 11 11 11 11 11
44:1:* end of trace
44:1:TERMINATED, free page frames = 7e
